2022-06-14 00:10:55.398  INFO 19764 --- [RMI TCP Connection(24)-127.0.0.1] inMXBeanRegistrar$SpringApplicationAdmin : Application shutdown requested.
2022-06-14 00:10:55.425  INFO 19764 --- [RMI TCP Connection(24)-127.0.0.1] o.s.s.concurrent.ThreadPoolTaskExecutor  : Shutting down ExecutorService 'applicationTaskExecutor'
2022-06-14 00:10:55.432  INFO 19764 --- [RMI TCP Connection(24)-127.0.0.1] j.LocalContainerEntityManagerFactoryBean : Closing JPA EntityManagerFactory for persistence unit 'default'
2022-06-14 00:10:55.434  INFO 19764 --- [RMI TCP Connection(24)-127.0.0.1] com.zaxxer.hikari.HikariDataSource       : HikariPool-1 - Shutdown initiated...
2022-06-14 00:10:55.439  INFO 19764 --- [RMI TCP Connection(24)-127.0.0.1] com.zaxxer.hikari.HikariDataSource       : HikariPool-1 - Shutdown completed.
2022-06-14 00:11:02.202  INFO 8272 --- [main] com.naicson.yugioh.YugiohApplication     : Starting YugiohApplication on DESKTOP-K8HK1IE with PID 8272 (C:\Users\USER\Documents\workspace-spring-tool-suite-4-4.12.0.RELEASE\Cards-Main-MS\target\classes started by USER in C:\Users\USER\Documents\workspace-spring-tool-suite-4-4.12.0.RELEASE\Cards-Main-MS)
2022-06-14 00:11:02.205  INFO 8272 --- [main] com.naicson.yugioh.YugiohApplication     : The following profiles are active: dev
2022-06-14 00:11:03.143  INFO 8272 --- [main] .s.d.r.c.RepositoryConfigurationDelegate : Bootstrapping Spring Data JPA repositories in DEFAULT mode.
2022-06-14 00:11:03.279  INFO 8272 --- [main] .s.d.r.c.RepositoryConfigurationDelegate : Finished Spring Data repository scanning in 126ms. Found 15 JPA repository interfaces.
2022-06-14 00:11:03.861  INFO 8272 --- [main] o.s.b.w.embedded.tomcat.TomcatWebServer  : Tomcat initialized with port(s): 8080 (http)
2022-06-14 00:11:03.871  INFO 8272 --- [main] o.apache.catalina.core.StandardService   : Starting service [Tomcat]
2022-06-14 00:11:03.871  INFO 8272 --- [main] org.apache.catalina.core.StandardEngine  : Starting Servlet engine: [Apache Tomcat/9.0.41]
2022-06-14 00:11:03.973  INFO 8272 --- [main] o.a.c.c.C.[Tomcat].[localhost].[/]       : Initializing Spring embedded WebApplicationContext
2022-06-14 00:11:03.973  INFO 8272 --- [main] w.s.c.ServletWebServerApplicationContext : Root WebApplicationContext: initialization completed in 1727 ms
2022-06-14 00:11:04.052  WARN 8272 --- [main] JpaBaseConfiguration$JpaWebConfiguration : spring.jpa.open-in-view is enabled by default. Therefore, database queries may be performed during view rendering. Explicitly configure spring.jpa.open-in-view to disable this warning
2022-06-14 00:11:04.240  INFO 8272 --- [main] o.hibernate.jpa.internal.util.LogHelper  : HHH000204: Processing PersistenceUnitInfo [name: default]
2022-06-14 00:11:04.297  INFO 8272 --- [main] org.hibernate.Version                    : HHH000412: Hibernate ORM core version 5.4.25.Final
2022-06-14 00:11:04.456  INFO 8272 --- [main] o.hibernate.annotations.common.Version   : HCANN000001: Hibernate Commons Annotations {5.1.2.Final}
2022-06-14 00:11:04.576  INFO 8272 --- [main] com.zaxxer.hikari.HikariDataSource       : HikariPool-1 - Starting...
2022-06-14 00:11:04.727  INFO 8272 --- [main] com.zaxxer.hikari.HikariDataSource       : HikariPool-1 - Start completed.
2022-06-14 00:11:04.742  INFO 8272 --- [main] org.hibernate.dialect.Dialect            : HHH000400: Using dialect: org.hibernate.dialect.MySQL8Dialect
2022-06-14 00:11:05.812  INFO 8272 --- [main] o.h.e.t.j.p.i.JtaPlatformInitiator       : HHH000490: Using JtaPlatform implementation: [org.hibernate.engine.transaction.jta.platform.internal.NoJtaPlatform]
2022-06-14 00:11:05.821  INFO 8272 --- [main] j.LocalContainerEntityManagerFactoryBean : Initialized JPA EntityManagerFactory for persistence unit 'default'
2022-06-14 00:11:07.243  INFO 8272 --- [main] o.s.s.web.DefaultSecurityFilterChain     : Creating filter chain: any request, [org.springframework.security.web.context.request.async.WebAsyncManagerIntegrationFilter@25865fca, org.springframework.security.web.context.SecurityContextPersistenceFilter@42af2977, org.springframework.security.web.header.HeaderWriterFilter@2dacad1d, org.springframework.web.filter.CorsFilter@4c32aa7e, org.springframework.security.web.authentication.logout.LogoutFilter@4a5e0faf, com.naicson.yugioh.data.security.AuthTokenFilter@267309f7, org.springframework.security.web.savedrequest.RequestCacheAwareFilter@6cbb79c3, org.springframework.security.web.servletapi.SecurityContextHolderAwareRequestFilter@62a78446, org.springframework.security.web.authentication.AnonymousAuthenticationFilter@c11ec9b, org.springframework.security.web.session.SessionManagementFilter@6d92bfaf, org.springframework.security.web.access.ExceptionTranslationFilter@408708a1, org.springframework.security.web.access.intercept.FilterSecurityInterceptor@628af295]
2022-06-14 00:11:07.264  INFO 8272 --- [main] pertySourcedRequestMappingHandlerMapping : Mapped URL path [/v2/api-docs] onto method [springfox.documentation.swagger2.web.Swagger2Controller#getDocumentation(String, HttpServletRequest)]
2022-06-14 00:11:07.365  INFO 8272 --- [main] o.s.s.concurrent.ThreadPoolTaskExecutor  : Initializing ExecutorService 'applicationTaskExecutor'
2022-06-14 00:11:07.844  INFO 8272 --- [main] o.s.b.w.embedded.tomcat.TomcatWebServer  : Tomcat started on port(s): 8080 (http) with context path ''
2022-06-14 00:11:07.845  INFO 8272 --- [main] d.s.w.p.DocumentationPluginsBootstrapper : Context refreshed
2022-06-14 00:11:07.866  INFO 8272 --- [main] d.s.w.p.DocumentationPluginsBootstrapper : Found 1 custom documentation plugin(s)
2022-06-14 00:11:07.892  INFO 8272 --- [main] s.d.s.w.s.ApiListingReferenceScanner     : Scanning for api listing references
2022-06-14 00:11:08.177  INFO 8272 --- [main] .d.s.w.r.o.CachingOperationNameGenerator : Generating unique operation named: consultarUsingGET_1
2022-06-14 00:11:08.266  INFO 8272 --- [main] com.naicson.yugioh.YugiohApplication     : Started YugiohApplication in 6.372 seconds (JVM running for 7.059)
2022-06-14 00:17:07.774  INFO 8272 --- [http-nio-8080-exec-1] o.a.c.c.C.[Tomcat].[localhost].[/]       : Initializing Spring DispatcherServlet 'dispatcherServlet'
2022-06-14 00:17:07.774  INFO 8272 --- [http-nio-8080-exec-1] o.s.web.servlet.DispatcherServlet        : Initializing Servlet 'dispatcherServlet'
2022-06-14 00:17:07.781  INFO 8272 --- [http-nio-8080-exec-1] o.s.web.servlet.DispatcherServlet        : Completed initialization in 7 ms
2022-06-14 00:17:08.192 ERROR 8272 --- [http-nio-8080-exec-7] c.n.y.data.security.AuthEntryPointJwt    : Unauthorized error: Full authentication is required to access this resource
2022-06-14 00:17:08.222 ERROR 8272 --- [http-nio-8080-exec-9] c.n.y.data.security.AuthEntryPointJwt    : Unauthorized error: Full authentication is required to access this resource
